<?xml version="1.0" encoding="UTF-8" ?>
<testsuite tests="13" failures="0" name="autotest.TestRunner" time="1.523" errors="0" skipped="0">
  <properties>
[...]
</properties>
  <testcase classname="Scenario: Code smoke test" name="Given I have 4 pieces of toast" time="0.001"/>
  <testcase classname="Scenario: Code smoke test" name="When I eat 2 pieces of toast" time="0"/>
  <testcase classname="Scenario: Code smoke test" name="Then I should have 2 pieces of toast" time="0"/>
  <testcase classname="Scenario: Code smoke test" name="Scenario: Code smoke test" time="0.001"/>
  <testcase classname="Scenario: Browser smoke test" name="Given I open a browser" time="0"/>
  <testcase classname="Scenario: Browser smoke test" name="When I navigate to google" time="0"/>
  <testcase classname="Scenario: Browser smoke test" name="And I search for New Zealand" time="0"/>
  <testcase classname="Scenario: Browser smoke test" name="Then I should see search results" time="0"/>
  <testcase classname="Scenario: Browser smoke test" name="Scenario: Browser smoke test" time="0.677"/>
  <testcase classname="Scenario: Log in to My Vodafone" name="Given I navigate to Vodafone" time="0"/>
  <testcase classname="Scenario: Log in to My Vodafone" name="And I log in to My Vodafone" time="0"/>
  <testcase classname="Scenario: Log in to My Vodafone" name="Then I should be on the Account Summary page" time="0"/>
  <testcase classname="Scenario: Log in to My Vodafone" name="Scenario: Log in to My Vodafone" time="0.844"/>
</testsuite>